2025-10-07 21:42:59,421 - backend.utils.logger - INFO - Image modi not found
2025-10-07 21:42:59,486 - backend.utils.logger - INFO - Image wishrohitv not found
2025-10-07 21:45:31,863 - backend.utils.logger - INFO - Image modi not found, Sending default image
2025-10-07 21:45:31,922 - backend.utils.logger - INFO - Image wishrohitv not found, Sending default image
2025-10-07 21:47:58,623 - backend.utils.logger - INFO - userProfile modi not found, Sending default image
2025-10-07 21:47:58,681 - backend.utils.logger - INFO - userProfile wishrohitv not found, Sending default image
2025-10-07 21:48:37,583 - backend.utils.logger - INFO - userProfile modi not found, Sending default image
2025-10-07 21:49:01,503 - backend.utils.logger - INFO - userProfile wishrohitv not found, Sending default image
2025-10-07 21:49:05,582 - backend.utils.logger - INFO - userProfile modi not found, Sending default image
2025-10-07 21:49:05,628 - backend.utils.logger - INFO - userProfile wishrohitv not found, Sending default image
2025-10-07 21:49:28,049 - backend.utils.logger - INFO - userProfile modi not found, Sending default image
2025-10-07 21:52:17,161 - backend.utils.logger - WARNING - userProfile modi not found, Sending default image
2025-10-07 21:52:17,209 - backend.utils.logger - WARNING - userProfile wishrohitv not found, Sending default image
2025-10-07 21:58:19,031 - backend.utils.logger - CRITICAL - (psycopg2.errors.InvalidTextRepresentation) invalid input value for enum "postAgeRating": "13+"
LINE 1: ...-8022-10bdebc7c0c2', NULL, 'image', 'jpeg', true, '13+', 1) ...
                                                             ^

[SQL: INSERT INTO posts ("userID", title, tags, "postUrl", "publicID", "fileType", "fileExtension", visibility, "ageRating", category) VALUES (%(userID)s, %(title)s, %(tags)s, %(postUrl)s, %(publicID)s, %(fileType)s, %(fileExtension)s, %(visibility)s, %(ageRating)s, %(category)s) RETURNING posts.id]
[parameters: {'userID': 1, 'title': 'operation sindoor', 'tags': '', 'postUrl': '0cdd6e66-7357-48ae-8022-10bdebc7c0c2', 'publicID': None, 'fileType': 'image', 'fileExtension': 'jpeg', 'visibility': True, 'ageRating': '13+', 'category': 1}]
(Background on this error at: https://sqlalche.me/e/20/9h9h)
2025-10-07 22:05:19,558 - backend.utils.logger - WARNING - userProfile modi not found, Sending default image
2025-10-07 22:05:19,762 - backend.utils.logger - WARNING - userProfile wishrohitv not found, Sending default image
2025-10-07 22:05:21,482 - backend.utils.logger - WARNING - userProfile modi not found, Sending default image
2025-10-07 22:07:07,938 - backend.utils.logger - INFO - post added to table successfully
2025-10-07 22:07:29,831 - backend.utils.logger - WARNING - userProfile modi not found, Sending default image
2025-10-07 22:07:29,924 - backend.utils.logger - WARNING - userProfile wishrohitv not found, Sending default image
2025-10-07 22:07:29,929 - backend.utils.logger - WARNING - userProfile modi not found, Sending default image
2025-10-07 22:13:56,721 - backend.utils.logger - WARNING - userProfile modi not found, Sending default image
2025-10-07 22:14:45,418 - backend.utils.logger - INFO - post added to table successfully
2025-10-07 22:14:52,828 - backend.utils.logger - WARNING - userProfile modi not found, Sending default image
2025-10-07 22:14:57,163 - backend.utils.logger - WARNING - userProfile modi not found, Sending default image
2025-10-07 22:16:13,183 - backend.utils.logger - WARNING - userProfile modi not found, Sending default image
2025-10-07 22:16:13,309 - backend.utils.logger - WARNING - userProfile wishrohitv not found, Sending default image
2025-10-07 22:16:13,314 - backend.utils.logger - WARNING - userProfile modi not found, Sending default image
2025-10-07 22:17:19,503 - backend.utils.logger - WARNING - userProfile modi not found, Sending default image
2025-10-07 22:17:19,555 - backend.utils.logger - WARNING - userProfile modi not found, Sending default image
2025-10-07 22:17:21,291 - backend.utils.logger - WARNING - userProfile modi not found, Sending default image
2025-10-07 22:17:21,328 - backend.utils.logger - WARNING - userProfile wishrohitv not found, Sending default image
2025-10-07 22:17:21,337 - backend.utils.logger - WARNING - userProfile modi not found, Sending default image
2025-10-07 22:17:23,001 - backend.utils.logger - WARNING - userProfile modi not found, Sending default image
2025-10-07 22:17:23,014 - backend.utils.logger - WARNING - userProfile modi not found, Sending default image
2025-10-07 22:17:25,292 - backend.utils.logger - WARNING - userProfile modi not found, Sending default image
2025-10-07 22:17:25,320 - backend.utils.logger - WARNING - userProfile wishrohitv not found, Sending default image
2025-10-07 22:17:27,095 - backend.utils.logger - WARNING - userProfile modi not found, Sending default image
2025-10-07 22:17:27,112 - backend.utils.logger - WARNING - userProfile wishrohitv not found, Sending default image
2025-10-07 22:17:29,312 - backend.utils.logger - WARNING - userProfile modi not found, Sending default image
2025-10-07 22:17:29,346 - backend.utils.logger - WARNING - userProfile wishrohitv not found, Sending default image
2025-10-07 22:20:47,967 - backend.utils.logger - WARNING - userProfile modi not found, Sending default image
2025-10-07 22:20:51,642 - backend.utils.logger - WARNING - userProfile modi not found, Sending default image
2025-10-07 22:20:51,679 - backend.utils.logger - WARNING - userProfile wishrohitv not found, Sending default image
2025-10-07 22:20:51,682 - backend.utils.logger - WARNING - userProfile modi not found, Sending default image
2025-10-07 22:20:53,459 - backend.utils.logger - WARNING - userProfile modi not found, Sending default image
2025-10-07 22:21:45,737 - backend.utils.logger - WARNING - userProfile modi not found, Sending default image
2025-10-07 22:21:45,776 - backend.utils.logger - WARNING - userProfile wishrohitv not found, Sending default image
2025-10-07 22:24:08,966 - backend.utils.logger - WARNING - userProfile modi not found, Sending default image
2025-10-07 22:24:08,969 - backend.utils.logger - WARNING - userProfile wishrohitv not found, Sending default image
2025-10-08 12:52:45,411 - backend.utils.logger - WARNING - userProfile modi not found, Sending default image
2025-10-08 12:52:56,181 - backend.utils.logger - WARNING - userProfile modi not found, Sending default image
2025-10-08 12:52:56,537 - backend.utils.logger - WARNING - userProfile modi not found, Sending default image
2025-10-08 12:54:12,837 - backend.utils.logger - WARNING - userProfile modi not found, Sending default image
2025-10-08 12:54:17,187 - backend.utils.logger - WARNING - userProfile modi not found, Sending default image
2025-10-08 12:57:57,421 - backend.utils.logger - WARNING - userProfile modi not found, Sending default image
2025-10-08 12:58:42,713 - backend.utils.logger - WARNING - userProfile modi not found, Sending default image
2025-10-08 13:20:04,535 - backend.utils.logger - CRITICAL - 'postUrl' is an invalid keyword argument for Posts
2025-10-08 13:20:08,476 - backend.utils.logger - WARNING - userProfile modi not found, Sending default image
2025-10-08 13:23:04,092 - backend.utils.logger - WARNING - userProfile modi not found, Sending default image
2025-10-08 13:41:26,030 - backend.utils.logger - WARNING - userProfile modi not found, Sending default image
2025-10-08 13:43:10,677 - backend.utils.logger - WARNING - userProfile modi not found, Sending default image
2025-10-08 13:43:16,156 - backend.utils.logger - WARNING - userProfile modi not found, Sending default image
2025-10-08 13:43:37,026 - backend.utils.logger - CRITICAL - (builtins.TypeError) Not a boolean value: 'true'
[SQL: INSERT INTO posts ("userID", title, tags, "mediaUrl", "mediaPublicID", "fileType", "fileExtension", visibility, "ageRating", category) VALUES (%(userID)s, %(title)s, %(tags)s, %(mediaUrl)s, %(mediaPublicID)s, %(fileType)s, %(fileExtension)s, %(visibility)s, %(ageRating)s, %(category)s) RETURNING posts.id]
[parameters: [{'fileExtension': 'png', 'fileType': 'image', 'visibility': 'true', 'userID': 1, 'tags': 'Sory for bad english', 'mediaPublicID': 'a91182d3-e4e2-49a3- ... (63 characters truncated) ... diaUrl': 'http://res.cloudinary.com/df4s9hrfa/image/upload/v1759911216/a91182d3-e4e2-49a3-bcab-cf1b3c0be430.avif', 'ageRating': 'pg13', 'category': 1}]]
2025-10-08 13:45:56,727 - backend.utils.logger - CRITICAL - This Session's transaction has been rolled back due to a previous exception during flush. To begin a new transaction with this Session, first issue Session.rollback(). Original exception was: (builtins.TypeError) Not a boolean value: 'true'
[SQL: INSERT INTO posts ("userID", title, tags, "mediaUrl", "mediaPublicID", "fileType", "fileExtension", visibility, "ageRating", category) VALUES (%(userID)s, %(title)s, %(tags)s, %(mediaUrl)s, %(mediaPublicID)s, %(fileType)s, %(fileExtension)s, %(visibility)s, %(ageRating)s, %(category)s) RETURNING posts.id]
[parameters: [{'fileExtension': 'png', 'fileType': 'image', 'visibility': 'true', 'userID': 1, 'tags': 'Sory for bad english', 'mediaPublicID': 'a91182d3-e4e2-49a3- ... (63 characters truncated) ... diaUrl': 'http://res.cloudinary.com/df4s9hrfa/image/upload/v1759911216/a91182d3-e4e2-49a3-bcab-cf1b3c0be430.avif', 'ageRating': 'pg13', 'category': 1}]] (Background on this error at: https://sqlalche.me/e/20/7s2a)
2025-10-08 13:48:44,933 - backend.utils.logger - CRITICAL - (builtins.TypeError) Not a boolean value: 'false'
[SQL: INSERT INTO posts ("userID", title, tags, "mediaUrl", "mediaPublicID", "fileType", "fileExtension", visibility, "ageRating", category) VALUES (%(userID)s, %(title)s, %(tags)s, %(mediaUrl)s, %(mediaPublicID)s, %(fileType)s, %(fileExtension)s, %(visibility)s, %(ageRating)s, %(category)s) RETURNING posts.id]
[parameters: [{'fileType': 'image', 'userID': 1, 'mediaPublicID': 'b6b47250-8684-42ca-b37e-3fb3affcde44', 'visibility': 'false', 'tags': 'Sory for bad english', 'ti ... (64 characters truncated) ...  'pg13', 'fileExtension': 'png', 'mediaUrl': 'http://res.cloudinary.com/df4s9hrfa/image/upload/v1759911524/b6b47250-8684-42ca-b37e-3fb3affcde44.avif'}]]
2025-10-08 13:48:44,933 - backend.utils.logger - ERROR - Failed to upload post: (builtins.TypeError) Not a boolean value: 'false'
[SQL: INSERT INTO posts ("userID", title, tags, "mediaUrl", "mediaPublicID", "fileType", "fileExtension", visibility, "ageRating", category) VALUES (%(userID)s, %(title)s, %(tags)s, %(mediaUrl)s, %(mediaPublicID)s, %(fileType)s, %(fileExtension)s, %(visibility)s, %(ageRating)s, %(category)s) RETURNING posts.id]
[parameters: [{'fileType': 'image', 'userID': 1, 'mediaPublicID': 'b6b47250-8684-42ca-b37e-3fb3affcde44', 'visibility': 'false', 'tags': 'Sory for bad english', 'ti ... (64 characters truncated) ...  'pg13', 'fileExtension': 'png', 'mediaUrl': 'http://res.cloudinary.com/df4s9hrfa/image/upload/v1759911524/b6b47250-8684-42ca-b37e-3fb3affcde44.avif'}]]
2025-10-08 13:54:29,639 - backend.utils.logger - INFO - post added to table successfully
2025-10-08 13:55:06,199 - backend.utils.logger - WARNING - userProfile modi not found, Sending default image
2025-10-08 13:55:59,281 - backend.utils.logger - WARNING - userProfile modi not found, Sending default image
2025-10-08 13:56:07,815 - backend.utils.logger - WARNING - userProfile modi not found, Sending default image
2025-10-08 13:56:33,070 - backend.utils.logger - WARNING - userProfile modi not found, Sending default image
2025-10-08 13:56:47,940 - backend.utils.logger - INFO - post added to table successfully
2025-10-08 13:56:50,962 - backend.utils.logger - WARNING - userProfile modi not found, Sending default image
2025-10-08 13:57:27,339 - backend.utils.logger - WARNING - userProfile modi not found, Sending default image
2025-10-08 13:58:30,588 - backend.utils.logger - INFO - post added to table successfully
2025-10-08 13:59:33,562 - backend.utils.logger - WARNING - userProfile modi not found, Sending default image
2025-10-08 14:01:12,332 - backend.utils.logger - WARNING - userProfile modi not found, Sending default image
2025-10-08 14:03:08,966 - backend.utils.logger - WARNING - userProfile modi not found, Sending default image
2025-10-08 14:05:28,853 - backend.utils.logger - WARNING - userProfile modi not found, Sending default image
2025-10-08 14:06:10,628 - backend.utils.logger - WARNING - userProfile modi not found, Sending default image
2025-10-08 14:09:38,914 - backend.utils.logger - WARNING - userProfile modi not found, Sending default image
2025-10-08 14:10:05,254 - backend.utils.logger - WARNING - userProfile modi not found, Sending default image
2025-10-08 14:10:27,700 - backend.utils.logger - WARNING - userProfile modi not found, Sending default image
2025-10-08 14:10:38,824 - backend.utils.logger - WARNING - userProfile modi not found, Sending default image
2025-10-08 14:17:21,840 - backend.utils.logger - WARNING - userProfile modi not found, Sending default image
2025-10-08 14:18:59,623 - backend.utils.logger - WARNING - userProfile modi not found, Sending default image
2025-10-08 14:20:26,231 - backend.utils.logger - WARNING - userProfile modi not found, Sending default image
2025-10-08 14:23:48,475 - backend.utils.logger - WARNING - userProfile modi not found, Sending default image
2025-10-08 14:24:01,379 - backend.utils.logger - WARNING - userProfile modi not found, Sending default image
2025-10-08 14:24:47,541 - backend.utils.logger - WARNING - userProfile modi not found, Sending default image
2025-10-08 14:25:06,270 - backend.utils.logger - WARNING - userProfile modi not found, Sending default image
2025-10-08 14:27:56,102 - backend.utils.logger - WARNING - userProfile modi not found, Sending default image
2025-10-08 14:28:10,237 - backend.utils.logger - WARNING - userProfile modi not found, Sending default image
2025-10-08 14:29:56,669 - backend.utils.logger - WARNING - userProfile modi not found, Sending default image
2025-10-08 14:31:44,282 - backend.utils.logger - WARNING - userProfile modi not found, Sending default image
2025-10-08 14:33:13,006 - backend.utils.logger - WARNING - userProfile modi not found, Sending default image
2025-10-08 14:33:33,779 - backend.utils.logger - WARNING - userProfile modi not found, Sending default image
2025-10-08 14:34:13,068 - backend.utils.logger - WARNING - userProfile modi not found, Sending default image
2025-10-08 14:34:15,263 - backend.utils.logger - WARNING - userProfile modi not found, Sending default image
2025-10-08 14:34:16,840 - backend.utils.logger - WARNING - userProfile modi not found, Sending default image
2025-10-08 14:34:22,487 - backend.utils.logger - WARNING - userProfile modi not found, Sending default image
2025-10-08 14:34:45,659 - backend.utils.logger - WARNING - userProfile modi not found, Sending default image
2025-10-08 14:34:53,838 - backend.utils.logger - WARNING - userProfile modi not found, Sending default image
2025-10-08 14:35:51,886 - backend.utils.logger - WARNING - userProfile modi not found, Sending default image
2025-10-08 14:35:56,370 - backend.utils.logger - WARNING - userProfile modi not found, Sending default image
2025-10-08 14:36:00,492 - backend.utils.logger - WARNING - userProfile modi not found, Sending default image
2025-10-08 14:36:07,137 - backend.utils.logger - WARNING - userProfile modi not found, Sending default image
2025-10-08 14:36:14,514 - backend.utils.logger - WARNING - userProfile modi not found, Sending default image
2025-10-08 14:39:03,540 - backend.utils.logger - WARNING - userProfile wishrohitv not found, Sending default image
2025-10-08 14:39:13,367 - backend.utils.logger - WARNING - userProfile modi not found, Sending default image
2025-10-08 14:39:15,891 - backend.utils.logger - WARNING - userProfile modi not found, Sending default image
2025-10-08 14:40:44,030 - backend.utils.logger - WARNING - userProfile modi not found, Sending default image
2025-10-08 14:40:45,935 - backend.utils.logger - WARNING - userProfile modi not found, Sending default image
2025-10-08 14:41:55,390 - backend.utils.logger - WARNING - userProfile modi not found, Sending default image
2025-10-08 14:45:01,340 - backend.utils.logger - WARNING - userProfile modi not found, Sending default image
2025-10-08 14:46:33,463 - backend.utils.logger - WARNING - userProfile modi not found, Sending default image
2025-10-08 14:46:54,088 - backend.utils.logger - WARNING - userProfile modi not found, Sending default image
2025-10-08 14:46:56,987 - backend.utils.logger - WARNING - userProfile modi not found, Sending default image
2025-10-08 14:47:35,057 - backend.utils.logger - WARNING - userProfile modi not found, Sending default image
2025-10-08 14:47:44,439 - backend.utils.logger - WARNING - userProfile modi not found, Sending default image
2025-10-08 14:47:50,880 - backend.utils.logger - WARNING - userProfile modi not found, Sending default image
2025-10-08 14:47:59,993 - backend.utils.logger - WARNING - userProfile modi not found, Sending default image
2025-10-16 16:25:08,786 - backend.utils.logger - WARNING - userProfile modi not found, Sending default image
2025-10-16 16:25:13,670 - backend.utils.logger - WARNING - userProfile modi not found, Sending default image
2025-10-16 16:25:21,851 - backend.utils.logger - WARNING - userProfile modi not found, Sending default image
2025-10-16 16:25:59,755 - backend.utils.logger - WARNING - userProfile modi not found, Sending default image
2025-10-16 16:27:45,550 - backend.utils.logger - WARNING - userProfile modi not found, Sending default image
2025-10-16 16:29:02,432 - backend.utils.logger - WARNING - userProfile modi not found, Sending default image
2025-10-16 16:29:29,808 - backend.utils.logger - WARNING - userProfile modi not found, Sending default image
2025-10-16 16:31:56,048 - backend.utils.logger - WARNING - userProfile modi not found, Sending default image
2025-10-16 16:33:07,215 - backend.utils.logger - WARNING - userProfile modi not found, Sending default image
2025-10-16 21:15:41,426 - backend.utils.logger - WARNING - userProfile modi not found, Sending default image
2025-10-16 21:16:19,780 - backend.utils.logger - WARNING - userProfile modi not found, Sending default image
2025-10-16 21:22:10,027 - backend.utils.logger - WARNING - userProfile modi not found, Sending default image
2025-10-16 21:23:17,745 - backend.utils.logger - WARNING - userProfile modi not found, Sending default image
2025-10-16 21:24:37,478 - backend.utils.logger - WARNING - userProfile modi not found, Sending default image
2025-10-16 21:32:40,654 - backend.utils.logger - WARNING - userProfile modi not found, Sending default image
2025-10-16 21:34:25,964 - backend.utils.logger - WARNING - userProfile modi not found, Sending default image
2025-10-16 21:45:23,463 - backend.utils.logger - WARNING - userProfile modi not found, Sending default image
2025-10-16 21:45:42,157 - backend.utils.logger - WARNING - userProfile modi not found, Sending default image
2025-10-16 21:45:56,653 - backend.utils.logger - WARNING - userProfile modi not found, Sending default image
2025-10-16 21:46:31,890 - backend.utils.logger - WARNING - userProfile modi not found, Sending default image
2025-10-16 21:47:42,185 - backend.utils.logger - WARNING - userProfile modi not found, Sending default image
2025-10-16 21:49:21,422 - backend.utils.logger - WARNING - userProfile modi not found, Sending default image
2025-10-16 21:54:19,725 - backend.utils.logger - WARNING - userProfile modi not found, Sending default image
2025-10-17 21:34:53,874 - backend.utils.logger - WARNING - userProfile modi not found, Sending default image
2025-10-17 21:36:36,156 - backend.utils.logger - WARNING - userProfile modi not found, Sending default image
2025-10-17 21:37:11,593 - backend.utils.logger - WARNING - userProfile modi not found, Sending default image
2025-10-17 21:37:50,717 - backend.utils.logger - WARNING - userProfile modi not found, Sending default image
2025-10-17 21:39:44,044 - backend.utils.logger - WARNING - userProfile modi not found, Sending default image
2025-10-17 21:39:50,681 - backend.utils.logger - WARNING - userProfile modi not found, Sending default image
2025-12-28 12:52:49,838 - backend.utils.logger - WARNING - userProfile pmModi not found, Sending default image
2025-12-28 12:53:39,400 - backend.utils.logger - WARNING - userProfile pmModi not found, Sending default image
2025-12-28 12:58:55,626 - backend.utils.logger - WARNING - userProfile pmModi not found, Sending default image
2025-12-28 13:02:01,185 - backend.utils.logger - WARNING - userProfile pmModi not found, Sending default image
2025-12-28 13:03:47,484 - backend.utils.logger - WARNING - userProfile pmModi not found, Sending default image
2025-12-28 13:10:39,331 - backend.utils.logger - WARNING - userProfile pmModi not found, Sending default image
2025-12-28 13:33:01,579 - backend.utils.logger - WARNING - userProfile pmModi not found, Sending default image
2025-12-28 13:34:05,878 - backend.utils.logger - WARNING - userProfile pmModi not found, Sending default image
2025-12-28 13:37:35,322 - backend.utils.logger - WARNING - userProfile pmModi not found, Sending default image
2025-12-28 13:44:22,507 - backend.utils.logger - WARNING - userProfile pmModi not found, Sending default image
2025-12-28 13:47:04,184 - backend.utils.logger - WARNING - userProfile pmModi not found, Sending default image
2025-12-28 13:53:43,829 - backend.utils.logger - WARNING - userProfile pmModi not found, Sending default image
2025-12-28 13:57:54,413 - backend.utils.logger - WARNING - userProfile pmModi not found, Sending default image
2025-12-28 14:01:53,064 - backend.utils.logger - WARNING - userProfile pmModi not found, Sending default image
2025-12-28 14:03:55,464 - backend.utils.logger - WARNING - userProfile pmModi not found, Sending default image
2025-12-28 14:04:15,659 - backend.utils.logger - WARNING - userProfile pmModi not found, Sending default image
2025-12-28 14:04:47,988 - backend.utils.logger - WARNING - userProfile pmModi not found, Sending default image
2025-12-28 14:06:06,242 - backend.utils.logger - WARNING - userProfile pmModi not found, Sending default image
2025-12-28 14:06:25,417 - backend.utils.logger - WARNING - userProfile pmModi not found, Sending default image
2025-12-28 14:06:32,881 - backend.utils.logger - WARNING - userProfile pmModi not found, Sending default image
2025-12-28 14:06:42,886 - backend.utils.logger - WARNING - userProfile pmModi not found, Sending default image
2025-12-28 14:09:42,766 - backend.utils.logger - WARNING - userProfile pmModi not found, Sending default image
2025-12-28 14:10:28,825 - backend.utils.logger - WARNING - userProfile pmModi not found, Sending default image
2025-12-28 14:10:31,737 - backend.utils.logger - WARNING - userProfile pmModi not found, Sending default image
2025-12-28 14:10:35,190 - backend.utils.logger - WARNING - userProfile pmModi not found, Sending default image
2025-12-28 14:12:08,694 - backend.utils.logger - WARNING - userProfile pmModi not found, Sending default image
2025-12-28 14:12:12,634 - backend.utils.logger - WARNING - userProfile pmModi not found, Sending default image
2025-12-28 14:14:16,820 - backend.utils.logger - WARNING - userProfile pmModi not found, Sending default image
2025-12-28 14:15:37,246 - backend.utils.logger - WARNING - userProfile pmModi not found, Sending default image
2025-12-28 14:16:41,107 - backend.utils.logger - WARNING - userProfile pmModi not found, Sending default image
2025-12-28 14:17:37,569 - backend.utils.logger - WARNING - userProfile pmModi not found, Sending default image
2025-12-28 14:34:08,125 - backend.utils.logger - WARNING - userProfile pmModi not found, Sending default image
2025-12-28 14:34:11,835 - backend.utils.logger - WARNING - userProfile pmModi not found, Sending default image
2025-12-28 14:36:08,683 - backend.utils.logger - WARNING - userProfile pmModi not found, Sending default image
2025-12-28 14:36:41,654 - backend.utils.logger - WARNING - userProfile pmModi not found, Sending default image
2025-12-28 14:36:44,351 - backend.utils.logger - WARNING - userProfile pmModi not found, Sending default image
2025-12-29 14:04:15,309 - backend.utils.logger - CRITICAL - (psycopg2.errors.ForeignKeyViolation) insert or update on table "posts" violates foreign key constraint "posts_category_fkey"
DETAIL:  Key (category)=(1) is not present in table "category".

[SQL: INSERT INTO posts ("userID", title, tags, "mediaUrl", "mediaPublicID", "fileType", "fileExtension", visibility, "ageRating", category) VALUES (%(userID)s, %(title)s, %(tags)s, %(mediaUrl)s, %(mediaPublicID)s, %(fileType)s, %(fileExtension)s, %(visibility)s, %(ageRating)s, %(category)s) RETURNING posts.id]
[parameters: {'userID': 3, 'title': 'Viral meme of 2024', 'tags': 'trending', 'mediaUrl': None, 'mediaPublicID': 'c3bc2611-7eb6-4426-b6b6-1d4b92ef6351', 'fileType': 'image', 'fileExtension': 'png', 'visibility': True, 'ageRating': 'nsfw', 'category': 1}]
(Background on this error at: https://sqlalche.me/e/20/gkpj)
2025-12-29 14:04:15,310 - backend.utils.logger - ERROR - Failed to upload post: (psycopg2.errors.ForeignKeyViolation) insert or update on table "posts" violates foreign key constraint "posts_category_fkey"
DETAIL:  Key (category)=(1) is not present in table "category".

[SQL: INSERT INTO posts ("userID", title, tags, "mediaUrl", "mediaPublicID", "fileType", "fileExtension", visibility, "ageRating", category) VALUES (%(userID)s, %(title)s, %(tags)s, %(mediaUrl)s, %(mediaPublicID)s, %(fileType)s, %(fileExtension)s, %(visibility)s, %(ageRating)s, %(category)s) RETURNING posts.id]
[parameters: {'userID': 3, 'title': 'Viral meme of 2024', 'tags': 'trending', 'mediaUrl': None, 'mediaPublicID': 'c3bc2611-7eb6-4426-b6b6-1d4b92ef6351', 'fileType': 'image', 'fileExtension': 'png', 'visibility': True, 'ageRating': 'nsfw', 'category': 1}]
(Background on this error at: https://sqlalche.me/e/20/gkpj)
2025-12-29 14:11:03,382 - backend.utils.logger - CRITICAL - This Session's transaction has been rolled back due to a previous exception during flush. To begin a new transaction with this Session, first issue Session.rollback(). Original exception was: (psycopg2.errors.ForeignKeyViolation) insert or update on table "posts" violates foreign key constraint "posts_category_fkey"
DETAIL:  Key (category)=(1) is not present in table "category".

[SQL: INSERT INTO posts ("userID", title, tags, "mediaUrl", "mediaPublicID", "fileType", "fileExtension", visibility, "ageRating", category) VALUES (%(userID)s, %(title)s, %(tags)s, %(mediaUrl)s, %(mediaPublicID)s, %(fileType)s, %(fileExtension)s, %(visibility)s, %(ageRating)s, %(category)s) RETURNING posts.id]
[parameters: {'userID': 3, 'title': 'Viral meme of 2024', 'tags': 'trending', 'mediaUrl': None, 'mediaPublicID': 'c3bc2611-7eb6-4426-b6b6-1d4b92ef6351', 'fileType': 'image', 'fileExtension': 'png', 'visibility': True, 'ageRating': 'nsfw', 'category': 1}]
(Background on this error at: https://sqlalche.me/e/20/gkpj) (Background on this error at: https://sqlalche.me/e/20/7s2a)
2025-12-29 14:11:03,382 - backend.utils.logger - ERROR - Failed to upload post: This Session's transaction has been rolled back due to a previous exception during flush. To begin a new transaction with this Session, first issue Session.rollback(). Original exception was: (psycopg2.errors.ForeignKeyViolation) insert or update on table "posts" violates foreign key constraint "posts_category_fkey"
DETAIL:  Key (category)=(1) is not present in table "category".

[SQL: INSERT INTO posts ("userID", title, tags, "mediaUrl", "mediaPublicID", "fileType", "fileExtension", visibility, "ageRating", category) VALUES (%(userID)s, %(title)s, %(tags)s, %(mediaUrl)s, %(mediaPublicID)s, %(fileType)s, %(fileExtension)s, %(visibility)s, %(ageRating)s, %(category)s) RETURNING posts.id]
[parameters: {'userID': 3, 'title': 'Viral meme of 2024', 'tags': 'trending', 'mediaUrl': None, 'mediaPublicID': 'c3bc2611-7eb6-4426-b6b6-1d4b92ef6351', 'fileType': 'image', 'fileExtension': 'png', 'visibility': True, 'ageRating': 'nsfw', 'category': 1}]
(Background on this error at: https://sqlalche.me/e/20/gkpj) (Background on this error at: https://sqlalche.me/e/20/7s2a)
2025-12-29 14:13:33,005 - backend.utils.logger - INFO - post added to table successfully
2025-12-29 22:46:13,563 - backend.utils.logger - WARNING - userProfile pmModi not found, Sending default image
2025-12-29 22:48:26,650 - backend.utils.logger - WARNING - userProfile pmModi not found, Sending default image
2025-12-29 22:49:04,836 - backend.utils.logger - WARNING - userProfile pmModi not found, Sending default image
2025-12-30 21:39:10,294 - backend.utils.logger - CRITICAL - (psycopg2.errors.ForeignKeyViolation) insert or update on table "posts" violates foreign key constraint "posts_category_fkey"
DETAIL:  Key (category)=(1) is not present in table "category".

[SQL: INSERT INTO posts ("userID", title, tags, "mediaUrl", "mediaPublicID", "fileType", "fileExtension", visibility, "ageRating", category) VALUES (%(userID)s, %(title)s, %(tags)s, %(mediaUrl)s, %(mediaPublicID)s, %(fileType)s, %(fileExtension)s, %(visibility)s, %(ageRating)s, %(category)s) RETURNING posts.id]
[parameters: {'userID': 1, 'title': 'Viral meme of 2024', 'tags': 'trending', 'mediaUrl': None, 'mediaPublicID': '20634699-6a6f-452a-809c-a86a2b557754', 'fileType': 'image', 'fileExtension': 'png', 'visibility': True, 'ageRating': 'nsfw', 'category': 1}]
(Background on this error at: https://sqlalche.me/e/20/gkpj)
2025-12-30 21:39:10,294 - backend.utils.logger - ERROR - Failed to upload post: (psycopg2.errors.ForeignKeyViolation) insert or update on table "posts" violates foreign key constraint "posts_category_fkey"
DETAIL:  Key (category)=(1) is not present in table "category".

[SQL: INSERT INTO posts ("userID", title, tags, "mediaUrl", "mediaPublicID", "fileType", "fileExtension", visibility, "ageRating", category) VALUES (%(userID)s, %(title)s, %(tags)s, %(mediaUrl)s, %(mediaPublicID)s, %(fileType)s, %(fileExtension)s, %(visibility)s, %(ageRating)s, %(category)s) RETURNING posts.id]
[parameters: {'userID': 1, 'title': 'Viral meme of 2024', 'tags': 'trending', 'mediaUrl': None, 'mediaPublicID': '20634699-6a6f-452a-809c-a86a2b557754', 'fileType': 'image', 'fileExtension': 'png', 'visibility': True, 'ageRating': 'nsfw', 'category': 1}]
(Background on this error at: https://sqlalche.me/e/20/gkpj)
2025-12-30 21:40:50,313 - backend.utils.logger - CRITICAL - (psycopg2.errors.ForeignKeyViolation) insert or update on table "posts" violates foreign key constraint "posts_category_fkey"
DETAIL:  Key (category)=(1) is not present in table "category".

[SQL: INSERT INTO posts ("userID", title, tags, "mediaUrl", "mediaPublicID", "fileType", "fileExtension", visibility, "ageRating", category) VALUES (%(userID)s, %(title)s, %(tags)s, %(mediaUrl)s, %(mediaPublicID)s, %(fileType)s, %(fileExtension)s, %(visibility)s, %(ageRating)s, %(category)s) RETURNING posts.id]
[parameters: {'userID': 1, 'title': 'Viral meme of 2024', 'tags': 'trending', 'mediaUrl': None, 'mediaPublicID': '694b9fb5-4e6d-4233-b20b-1489c12e8e5f', 'fileType': 'image', 'fileExtension': 'png', 'visibility': True, 'ageRating': 'nsfw', 'category': 1}]
(Background on this error at: https://sqlalche.me/e/20/gkpj)
2025-12-30 21:40:50,313 - backend.utils.logger - ERROR - Failed to upload post: (psycopg2.errors.ForeignKeyViolation) insert or update on table "posts" violates foreign key constraint "posts_category_fkey"
DETAIL:  Key (category)=(1) is not present in table "category".

[SQL: INSERT INTO posts ("userID", title, tags, "mediaUrl", "mediaPublicID", "fileType", "fileExtension", visibility, "ageRating", category) VALUES (%(userID)s, %(title)s, %(tags)s, %(mediaUrl)s, %(mediaPublicID)s, %(fileType)s, %(fileExtension)s, %(visibility)s, %(ageRating)s, %(category)s) RETURNING posts.id]
[parameters: {'userID': 1, 'title': 'Viral meme of 2024', 'tags': 'trending', 'mediaUrl': None, 'mediaPublicID': '694b9fb5-4e6d-4233-b20b-1489c12e8e5f', 'fileType': 'image', 'fileExtension': 'png', 'visibility': True, 'ageRating': 'nsfw', 'category': 1}]
(Background on this error at: https://sqlalche.me/e/20/gkpj)
2025-12-30 21:55:56,317 - backend.utils.logger - INFO - post added to table successfully
2025-12-30 22:10:24,730 - backend.utils.logger - INFO - post added to table successfully
2025-12-31 19:14:20,934 - backend.utils.logger - INFO - post added to table successfully
